<?xml version="1.0" encoding="UTF-8"?>
<!-- Generated by org.testng.reporters.JUnitXMLReporter -->
<testsuite ignored="6" hostname="LAPTOP-BI7DBJ3V" failures="0" tests="4" name="Test" time="0.072" errors="0" timestamp="2023-09-05T15:14:02 IST">
  <testcase classname="advancetestng.GroupExample" name="testCaseFive" time="0.01"/>
  <testcase classname="advancetestng.GroupExample" name="testCaseThree" time="0.001"/>
  <testcase classname="advancetestng.GroupExamples2" name="testPIM" time="0.001"/>
  <testcase classname="advancetestng.GroupExamples2" name="testTask" time="0.002"/>
  <testcase classname="advancetestng.GroupExample" name="testCaseFour" time="0.0">
    <ignored/>
  </testcase> <!-- testCaseFour -->
  <testcase classname="advancetestng.GroupExamples2" name="testLogin" time="0.0">
    <ignored/>
  </testcase> <!-- testLogin -->
  <testcase classname="advancetestng.GroupExamples2" name="testLeads" time="0.0">
    <ignored/>
  </testcase> <!-- testLeads -->
  <testcase classname="advancetestng.GroupExamples2" name="testSignIn" time="0.0">
    <ignored/>
  </testcase> <!-- testSignIn -->
  <testcase classname="advancetestng.GroupExample" name="testCaseTwo" time="0.0">
    <ignored/>
  </testcase> <!-- testCaseTwo -->
  <testcase classname="advancetestng.GroupExample" name="testCaseOne" time="0.0">
    <ignored/>
  </testcase> <!-- testCaseOne -->
</testsuite> <!-- Test -->
