<?xml version="1.0" encoding="UTF-8"?>
<!-- Generated by org.testng.reporters.JUnitXMLReporter -->
<testsuite ignored="0" hostname="LAPTOP-BI7DBJ3V" failures="0" tests="3" name="Default test" time="95.956" errors="0" timestamp="2023-09-09T19:48:38 IST">
  <testcase classname="testscripts.TestOrangeHrmPim" name="testPimCreation" time="12.986"/>
  <testcase classname="testscripts.TestOrangeHrmPim" name="testPimEdit" time="18.849"/>
  <testcase classname="testscripts.TestOrangeHrmPim" name="testPimDeletion" time="13.287"/>
</testsuite> <!-- Default test -->
