<?xml version="1.0" encoding="UTF-8"?>
<testng-results ignored="0" total="6" passed="6" failed="0" skipped="0">
  <reporter-output>
  </reporter-output>
  <suite started-at="2023-10-19T16:50:55 IST" name="Default suite" finished-at="2023-10-19T16:51:32 IST" duration-ms="36983">
    <groups>
    </groups>
    <test started-at="2023-10-19T16:50:55 IST" name="Default test" finished-at="2023-10-19T16:51:32 IST" duration-ms="36983">
      <class name="advancetestng.DataProviderExample">
        <test-method signature="setData(java.lang.String,java.lang.String)[pri:0, instance:advancetestng.DataProviderExample@77888435]" started-at="2023-10-19T16:50:55 IST" name="setData" data-provider="getData" finished-at="2023-10-19T16:50:55 IST" duration-ms="6" status="PASS">
          <params>
            <param index="0">
              <value>
                <![CDATA[admin]]>
              </value>
            </param>
            <param index="1">
              <value>
                <![CDATA[admin]]>
              </value>
            </param>
          </params>
          <reporter-output>
          </reporter-output>
        </test-method> <!-- setData -->
        <test-method signature="setData(java.lang.String,java.lang.String)[pri:0, instance:advancetestng.DataProviderExample@77888435]" started-at="2023-10-19T16:50:55 IST" name="setData" data-provider="getData" finished-at="2023-10-19T16:50:55 IST" duration-ms="3" status="PASS">
          <params>
            <param index="0">
              <value>
                <![CDATA[]]>
              </value>
            </param>
            <param index="1">
              <value>
                <![CDATA[]]>
              </value>
            </param>
          </params>
          <reporter-output>
          </reporter-output>
        </test-method> <!-- setData -->
        <test-method signature="setData(java.lang.String,java.lang.String)[pri:0, instance:advancetestng.DataProviderExample@77888435]" started-at="2023-10-19T16:50:55 IST" name="setData" data-provider="getData" finished-at="2023-10-19T16:50:55 IST" duration-ms="4" status="PASS">
          <params>
            <param index="0">
              <value>
                <![CDATA[guestuser3]]>
              </value>
            </param>
            <param index="1">
              <value>
                <![CDATA[pass123]]>
              </value>
            </param>
          </params>
          <reporter-output>
          </reporter-output>
        </test-method> <!-- setData -->
        <test-method signature="testLoginOfVtiger(java.lang.String,java.lang.String,java.lang.String)[pri:0, instance:advancetestng.DataProviderExample@77888435]" started-at="2023-10-19T16:50:55 IST" name="testLoginOfVtiger" data-provider="testData" finished-at="2023-10-19T16:51:10 IST" duration-ms="15406" status="PASS">
          <params>
            <param index="0">
              <value>
                <![CDATA[chrome]]>
              </value>
            </param>
            <param index="1">
              <value>
                <![CDATA[admin]]>
              </value>
            </param>
            <param index="2">
              <value>
                <![CDATA[Test@123]]>
              </value>
            </param>
          </params>
          <reporter-output>
          </reporter-output>
        </test-method> <!-- testLoginOfVtiger -->
        <test-method signature="testLoginOfVtiger(java.lang.String,java.lang.String,java.lang.String)[pri:0, instance:advancetestng.DataProviderExample@77888435]" started-at="2023-10-19T16:51:10 IST" name="testLoginOfVtiger" data-provider="testData" finished-at="2023-10-19T16:51:25 IST" duration-ms="14341" status="PASS">
          <params>
            <param index="0">
              <value>
                <![CDATA[firefox]]>
              </value>
            </param>
            <param index="1">
              <value>
                <![CDATA[pass123]]>
              </value>
            </param>
            <param index="2">
              <value>
                <![CDATA[admin]]>
              </value>
            </param>
          </params>
          <reporter-output>
          </reporter-output>
        </test-method> <!-- testLoginOfVtiger -->
        <test-method signature="testLoginOfVtiger(java.lang.String,java.lang.String,java.lang.String)[pri:0, instance:advancetestng.DataProviderExample@77888435]" started-at="2023-10-19T16:51:25 IST" name="testLoginOfVtiger" data-provider="testData" finished-at="2023-10-19T16:51:32 IST" duration-ms="7148" status="PASS">
          <params>
            <param index="0">
              <value>
                <![CDATA[chrome]]>
              </value>
            </param>
            <param index="1">
              <value>
                <![CDATA[]]>
              </value>
            </param>
            <param index="2">
              <value>
                <![CDATA[]]>
              </value>
            </param>
          </params>
          <reporter-output>
          </reporter-output>
        </test-method> <!-- testLoginOfVtiger -->
      </class> <!-- advancetestng.DataProviderExample -->
    </test> <!-- Default test -->
  </suite> <!-- Default suite -->
</testng-results>
