<?xml version="1.0" encoding="UTF-8"?>
<testng-results ignored="0" total="1" passed="1" failed="0" skipped="0">
  <reporter-output>
  </reporter-output>
  <suite started-at="2023-09-01T23:32:22 IST" name="Default suite" finished-at="2023-09-01T23:32:31 IST" duration-ms="9049">
    <groups>
    </groups>
    <test started-at="2023-09-01T23:32:22 IST" name="Default test" finished-at="2023-09-01T23:32:31 IST" duration-ms="9049">
      <class name="datadriventesting.Assingment3">
        <test-method is-config="true" signature="getData()[pri:0, instance:datadriventesting.Assingment3@35d019a3]" started-at="2023-09-01T23:32:22 IST" name="getData" finished-at="2023-09-01T23:32:23 IST" duration-ms="507" status="PASS">
          <reporter-output>
          </reporter-output>
        </test-method> <!-- getData -->
        <test-method signature="testActitimeLogin()[pri:0, instance:datadriventesting.Assingment3@35d019a3]" started-at="2023-09-01T23:32:23 IST" name="testActitimeLogin" finished-at="2023-09-01T23:32:31 IST" duration-ms="7976" status="PASS">
          <reporter-output>
          </reporter-output>
        </test-method> <!-- testActitimeLogin -->
        <test-method is-config="true" signature="cleanUp1()[pri:0, instance:datadriventesting.Assingment3@35d019a3]" started-at="2023-09-01T23:32:31 IST" name="cleanUp1" finished-at="2023-09-01T23:32:31 IST" duration-ms="521" status="PASS">
          <reporter-output>
          </reporter-output>
        </test-method> <!-- cleanUp1 -->
      </class> <!-- datadriventesting.Assingment3 -->
    </test> <!-- Default test -->
  </suite> <!-- Default suite -->
</testng-results>
