<?xml version="1.0" encoding="UTF-8"?>
<!-- Generated by org.testng.reporters.JUnitXMLReporter -->
<testsuite ignored="0" hostname="LAPTOP-BI7DBJ3V" failures="0" tests="3" name="TestOrangeHRMPIM" time="108.394" errors="0" timestamp="2023-09-09T20:32:24 IST">
  <testcase classname="testscripts.TestOrangeHrmPim" name="testPimCreation" time="13.083"/>
  <testcase classname="testscripts.TestOrangeHrmPim" name="testPimEdit" time="20.527"/>
  <testcase classname="testscripts.TestOrangeHrmPim" name="testPimDeletion" time="15.811"/>
</testsuite> <!-- TestOrangeHRMPIM -->
