<?xml version="1.0" encoding="UTF-8"?>
<!-- Generated by org.testng.reporters.JUnitXMLReporter -->
<testsuite ignored="0" hostname="LAPTOP-BI7DBJ3V" failures="0" tests="5" name="Test" time="32.735" errors="0" timestamp="2023-12-04T16:28:49 IST">
  <testcase classname="Test.ThreeTest" name="testThree" time="0.006"/>
  <testcase classname="Test.TwoTest" name="testTow" time="0.002"/>
  <testcase classname="Test.LoginTest" name="login" time="1.275"/>
  <testcase classname="Test.LoginTest" name="login" time="10.993"/>
  <testcase classname="Test.LoginTest" name="teardown" time="0.113"/>
</testsuite> <!-- Test -->
