<?xml version="1.0" encoding="UTF-8"?>
<!-- Generated by org.testng.reporters.JUnitXMLReporter -->
<testsuite ignored="0" hostname="LAPTOP-BI7DBJ3V" failures="0" tests="6" name="Default test" time="36.983" errors="0" timestamp="2023-10-19T16:51:32 IST">
  <testcase classname="advancetestng.DataProviderExample" name="setData" time="0.006"/>
  <testcase classname="advancetestng.DataProviderExample" name="setData" time="0.003"/>
  <testcase classname="advancetestng.DataProviderExample" name="setData" time="0.004"/>
  <testcase classname="advancetestng.DataProviderExample" name="testLoginOfVtiger" time="15.406"/>
  <testcase classname="advancetestng.DataProviderExample" name="testLoginOfVtiger" time="14.341"/>
  <testcase classname="advancetestng.DataProviderExample" name="testLoginOfVtiger" time="7.148"/>
</testsuite> <!-- Default test -->
