<?xml version="1.0" encoding="UTF-8"?>
<!-- Generated by org.testng.reporters.JUnitXMLReporter -->
<testsuite ignored="0" hostname="LAPTOP-BI7DBJ3V" failures="0" tests="4" name="Test Parametization" time="9.082" errors="0" timestamp="2023-09-05T17:01:20 IST">
  <testcase classname="advancetestng.Parameterization" name="testCaseOne" time="0.008"/>
  <testcase classname="advancetestng.Parameterization" name="testCaseThree" time="0.001"/>
  <testcase classname="advancetestng.Parameterization" name="testCaseTwo" time="0.001"/>
  <testcase classname="advancetestng.Parameterization" name="testLoginOfVtiger" time="9.03"/>
</testsuite> <!-- Test Parametization -->
