<?xml version="1.0" encoding="UTF-8"?>
<!-- Generated by org.testng.reporters.JUnitXMLReporter -->
<testsuite ignored="0" hostname="LAPTOP-BI7DBJ3V" failures="0" tests="3" name="TestOrangeHRMPIM" time="83.782" errors="0" timestamp="2023-09-09T20:09:44 IST">
  <testcase classname="testscripts.TestOrangeHrmPim" name="testPimCreation" time="12.386"/>
  <testcase classname="testscripts.TestOrangeHrmPim" name="testPimEdit" time="19.797"/>
  <testcase classname="testscripts.TestOrangeHrmPim" name="testPimDeletion" time="14.211"/>
</testsuite> <!-- TestOrangeHRMPIM -->
